<?xml version="1.0" encoding="UTF-8"?>
<!-- Generated by org.testng.reporters.JUnitReportReporter -->
<testsuite hostname="pavanis-Air" failures="0" tests="1" name="Examples.Google" time="0.009" errors="0" timestamp="2021-08-11T11:50:48 CDT" skipped="0">
  <testcase classname="Examples.Google" name="method1" time="0.009"/>
  <system-out/>
</testsuite> <!-- Examples.Google -->
