<?xml version="1.0" encoding="UTF-8"?>
<!-- Generated by org.testng.reporters.JUnitReportReporter -->
<testsuite hostname="pavanis-Air" failures="0" tests="2" name="Examples.class2" time="0.005" errors="0" timestamp="2021-08-11T12:21:36 CDT" skipped="0">
  <testcase classname="Examples.class2" name="M1" time="0.002"/>
  <system-out/>
  <testcase classname="Examples.class2" name="M2" time="0.003"/>
  <system-out/>
</testsuite> <!-- Examples.class2 -->
