<?xml version="1.0" encoding="UTF-8"?>
<!-- Generated by org.testng.reporters.JUnitReportReporter -->
<testsuite hostname="pavanis-Air" failures="0" tests="2" name="Examples.class1" time="0.017" errors="0" timestamp="2021-08-11T12:21:36 CDT" skipped="0">
  <testcase classname="Examples.class1" name="method1" time="0.013"/>
  <system-out/>
  <testcase classname="Examples.class1" name="method2" time="0.004"/>
  <system-out/>
</testsuite> <!-- Examples.class1 -->
